# JRE version: OpenJDK Runtime Environment Microsoft-13106358 (17.0.18+8) (build 17.0.18+8-LTS)
# Java VM: OpenJDK 64-Bit Server VM Microsoft-13106358 (17.0.18+8-LTS, mixed mode, sharing, tiered, compressed oops, compressed class ptrs, g1 gc, windows-amd64)
GC Precious Log:
 CPUs: 8 total, 8 available
 Memory: 12091M
 Large Page Support: Disabled
 NUMA Support: Disabled
 Compressed Oops: Enabled (Zero based)
 Heap Region Size: 2M
 Heap Min Capacity: 8M
 Heap Initial Capacity: 190M
 Heap Max Capacity: 4G
 Pre-touch: Disabled
 Parallel Workers: 8
 Concurrent Workers: 2
 Concurrent Refinement Workers: 8
 Periodic GC: Disabled
Heap:
 garbage-first heap   total 184320K, used 154510K [0x0000000700000000, 0x0000000800000000)
  region size 2048K, 4 young (8192K), 1 survivors (2048K)
 Metaspace       used 99167K, committed 100416K, reserved 983040K
  class space    used 13985K, committed 14592K, reserved 851968K
GC Heap History (20 events):
Event: 95.064 GC heap before
{Heap before GC invocations=62 (full 0):
 garbage-first heap   total 184320K, used 156701K [0x0000000700000000, 0x0000000800000000)
  region size 2048K, 21 young (43008K), 2 survivors (4096K)
 Metaspace       used 95956K, committed 97024K, reserved 983040K
  class space    used 13517K, committed 14016K, reserved 851968K
}
Event: 95.070 GC heap after
{Heap after GC invocations=63 (full 0):
 garbage-first heap   total 184320K, used 121346K [0x0000000700000000, 0x0000000800000000)
  region size 2048K, 3 young (6144K), 3 survivors (6144K)
 Metaspace       used 95956K, committed 97024K, reserved 983040K
  class space    used 13517K, committed 14016K, reserved 851968K
}
Event: 95.725 GC heap before
{Heap before GC invocations=63 (full 0):
 garbage-first heap   total 184320K, used 156162K [0x0000000700000000, 0x0000000800000000)
  region size 2048K, 20 young (40960K), 3 survivors (6144K)
 Metaspace       used 96936K, committed 97984K, reserved 983040K
  class space    used 13643K, committed 14144K, reserved 851968K
}
Event: 95.733 GC heap after
{Heap after GC invocations=64 (full 0):
 garbage-first heap   total 184320K, used 125458K [0x0000000700000000, 0x0000000800000000)
  region size 2048K, 3 young (6144K), 3 survivors (6144K)
 Metaspace       used 96936K, committed 97984K, reserved 983040K
  class space    used 13643K, committed 14144K, reserved 851968K
}
Event: 96.563 GC heap before
{Heap before GC invocations=64 (full 0):
 garbage-first heap   total 184320K, used 154130K [0x0000000700000000, 0x0000000800000000)
  region size 2048K, 17 young (34816K), 3 survivors (6144K)
 Metaspace       used 98093K, committed 99200K, reserved 983040K
  class space    used 13881K, committed 14400K, reserved 851968K
}
Event: 96.569 GC heap after
{Heap after GC invocations=65 (full 0):
 garbage-first heap   total 184320K, used 129666K [0x0000000700000000, 0x0000000800000000)
  region size 2048K, 3 young (6144K), 3 survivors (6144K)
 Metaspace       used 98093K, committed 99200K, reserved 983040K
  class space    used 13881K, committed 14400K, reserved 851968K
}
Event: 97.223 GC heap before
{Heap before GC invocations=65 (full 0):
 garbage-first heap   total 184320K, used 152194K [0x0000000700000000, 0x0000000800000000)
  region size 2048K, 15 young (30720K), 3 survivors (6144K)
 Metaspace       used 98120K, committed 99200K, reserved 983040K
  class space    used 13883K, committed 14400K, reserved 851968K
}
Event: 97.228 GC heap after
{Heap after GC invocations=66 (full 0):
 garbage-first heap   total 184320K, used 132563K [0x0000000700000000, 0x0000000800000000)
  region size 2048K, 2 young (4096K), 2 survivors (4096K)
 Metaspace       used 98120K, committed 99200K, reserved 983040K
  class space    used 13883K, committed 14400K, reserved 851968K
}
Event: 97.996 GC heap before
{Heap before GC invocations=66 (full 0):
 garbage-first heap   total 184320K, used 155091K [0x0000000700000000, 0x0000000800000000)
  region size 2048K, 13 young (26624K), 2 survivors (4096K)
 Metaspace       used 98599K, committed 99776K, reserved 983040K
  class space    used 13932K, committed 14464K, reserved 851968K
}
Event: 98.003 GC heap after
{Heap after GC invocations=67 (full 0):
 garbage-first heap   total 184320K, used 137369K [0x0000000700000000, 0x0000000800000000)
  region size 2048K, 2 young (4096K), 2 survivors (4096K)
 Metaspace       used 98599K, committed 99776K, reserved 983040K
  class space    used 13932K, committed 14464K, reserved 851968K
}
Event: 98.663 GC heap before
{Heap before GC invocations=67 (full 0):
 garbage-first heap   total 184320K, used 153753K [0x0000000700000000, 0x0000000800000000)
  region size 2048K, 10 young (20480K), 2 survivors (4096K)
 Metaspace       used 98986K, committed 100224K, reserved 983040K
  class space    used 13985K, committed 14592K, reserved 851968K
}
Event: 98.670 GC heap after
{Heap after GC invocations=68 (full 0):
 garbage-first heap   total 184320K, used 142629K [0x0000000700000000, 0x0000000800000000)
  region size 2048K, 2 young (4096K), 2 survivors (4096K)
 Metaspace       used 98986K, committed 100224K, reserved 983040K
  class space    used 13985K, committed 14592K, reserved 851968K
}
Event: 99.176 GC heap before
{Heap before GC invocations=68 (full 0):
 garbage-first heap   total 184320K, used 154917K [0x0000000700000000, 0x0000000800000000)
  region size 2048K, 8 young (16384K), 2 survivors (4096K)
 Metaspace       used 99157K, committed 100416K, reserved 983040K
  class space    used 13985K, committed 14592K, reserved 851968K
}
Event: 99.181 GC heap after
{Heap after GC invocations=69 (full 0):
 garbage-first heap   total 184320K, used 145758K [0x0000000700000000, 0x0000000800000000)
  region size 2048K, 1 young (2048K), 1 survivors (2048K)
 Metaspace       used 99157K, committed 100416K, reserved 983040K
  class space    used 13985K, committed 14592K, reserved 851968K
}
Event: 99.277 GC heap before
{Heap before GC invocations=69 (full 0):
 garbage-first heap   total 184320K, used 153950K [0x0000000700000000, 0x0000000800000000)
  region size 2048K, 6 young (12288K), 1 survivors (2048K)
 Metaspace       used 99158K, committed 100416K, reserved 983040K
  class space    used 13985K, committed 14592K, reserved 851968K
}
Event: 99.281 GC heap after
{Heap after GC invocations=70 (full 0):
 garbage-first heap   total 184320K, used 148398K [0x0000000700000000, 0x0000000800000000)
  region size 2048K, 1 young (2048K), 1 survivors (2048K)
 Metaspace       used 99158K, committed 100416K, reserved 983040K
  class space    used 13985K, committed 14592K, reserved 851968K
}
Event: 99.317 GC heap before
{Heap before GC invocations=70 (full 0):
 garbage-first heap   total 184320K, used 154542K [0x0000000700000000, 0x0000000800000000)
  region size 2048K, 5 young (10240K), 1 survivors (2048K)
 Metaspace       used 99158K, committed 100416K, reserved 983040K
  class space    used 13985K, committed 14592K, reserved 851968K
}
Event: 99.320 GC heap after
{Heap after GC invocations=71 (full 0):
 garbage-first heap   total 184320K, used 149504K [0x0000000700000000, 0x0000000800000000)
  region size 2048K, 1 young (2048K), 1 survivors (2048K)
 Metaspace       used 99158K, committed 100416K, reserved 983040K
  class space    used 13985K, committed 14592K, reserved 851968K
}
Event: 99.346 GC heap before
{Heap before GC invocations=71 (full 0):
 garbage-first heap   total 184320K, used 157696K [0x0000000700000000, 0x0000000800000000)
  region size 2048K, 5 young (10240K), 1 survivors (2048K)
 Metaspace       used 99162K, committed 100416K, reserved 983040K
  class space    used 13985K, committed 14592K, reserved 851968K
}
Event: 99.349 GC heap after
{Heap after GC invocations=72 (full 0):
 garbage-first heap   total 184320K, used 150414K [0x0000000700000000, 0x0000000800000000)
  region size 2048K, 1 young (2048K), 1 survivors (2048K)
 Metaspace       used 99162K, committed 100416K, reserved 983040K
  class space    used 13985K, committed 14592K, reserved 851968K
}

